# JRE version: Java(TM) SE Runtime Environment (8.0_161-b12) (build 1.8.0_161-b12)
# Java VM: Java HotSpot(TM) 64-Bit Server VM (25.161-b12 mixed mode linux-amd64 compressed oops)
Heap:
 def new generation   total 5760K, used 3493K [0x00000000f0800000, 0x00000000f0e40000, 0x00000000f5aa0000)
  eden space 5120K,  55% used [0x00000000f0800000, 0x00000000f0ac96c0, 0x00000000f0d00000)
  from space 640K, 100% used [0x00000000f0da0000, 0x00000000f0e40000, 0x00000000f0e40000)
  to   space 640K,   0% used [0x00000000f0d00000, 0x00000000f0d00000, 0x00000000f0da0000)
 tenured generation   total 12788K, used 12111K [0x00000000f5aa0000, 0x00000000f671d000, 0x0000000100000000)
   the space 12788K,  94% used [0x00000000f5aa0000, 0x00000000f6673c50, 0x00000000f6673e00, 0x00000000f671d000)
 Metaspace       used 21738K, capacity 22208K, committed 22528K, reserved 1069056K
  class space    used 2639K, capacity 2778K, committed 2816K, reserved 1048576K
GC Heap History (10 events):
Event: 4,411 GC heap before
{Heap before GC invocations=36 (full 1):
 def new generation   total 5760K, used 5640K [0x00000000f0800000, 0x00000000f0e40000, 0x00000000f5aa0000)
  eden space 5120K, 100% used [0x00000000f0800000, 0x00000000f0d00000, 0x00000000f0d00000)
  from space 640K,  81% used [0x00000000f0d00000, 0x00000000f0d82310, 0x00000000f0da0000)
  to   space 640K,   0% used [0x00000000f0da0000, 0x00000000f0da0000, 0x00000000f0e40000)
 tenured generation   total 12788K, used 7671K [0x00000000f5aa0000, 0x00000000f671d000, 0x0000000100000000)
   the space 12788K,  59% used [0x00000000f5aa0000, 0x00000000f621dd08, 0x00000000f621de00, 0x00000000f671d000)
 Metaspace       used 17598K, capacity 17996K, committed 18176K, reserved 1064960K
  class space    used 2092K, capacity 2226K, committed 2304K, reserved 1048576K
Event: 4,415 GC heap after
Heap after GC invocations=37 (full 1):
 def new generation   total 5760K, used 640K [0x00000000f0800000, 0x00000000f0e40000, 0x00000000f5aa0000)
  eden space 5120K,   0% used [0x00000000f0800000, 0x00000000f0800000, 0x00000000f0d00000)
  from space 640K, 100% used [0x00000000f0da0000, 0x00000000f0e40000, 0x00000000f0e40000)
  to   space 640K,   0% used [0x00000000f0d00000, 0x00000000f0d00000, 0x00000000f0da0000)
 tenured generation   total 12788K, used 7998K [0x00000000f5aa0000, 0x00000000f671d000, 0x0000000100000000)
   the space 12788K,  62% used [0x00000000f5aa0000, 0x00000000f626f948, 0x00000000f626fa00, 0x00000000f671d000)
 Metaspace       used 17598K, capacity 17996K, committed 18176K, reserved 1064960K
  class space    used 2092K, capacity 2226K, committed 2304K, reserved 1048576K
}
Event: 4,556 GC heap before
{Heap before GC invocations=37 (full 1):
 def new generation   total 5760K, used 5760K [0x00000000f0800000, 0x00000000f0e40000, 0x00000000f5aa0000)
  eden space 5120K, 100% used [0x00000000f0800000, 0x00000000f0d00000, 0x00000000f0d00000)
  from space 640K, 100% used [0x00000000f0da0000, 0x00000000f0e40000, 0x00000000f0e40000)
  to   space 640K,   0% used [0x00000000f0d00000, 0x00000000f0d00000, 0x00000000f0da0000)
 tenured generation   total 12788K, used 7998K [0x00000000f5aa0000, 0x00000000f671d000, 0x0000000100000000)
   the space 12788K,  62% used [0x00000000f5aa0000, 0x00000000f626f948, 0x00000000f626fa00, 0x00000000f671d000)
 Metaspace       used 18976K, capacity 19424K, committed 19584K, reserved 1067008K
  class space    used 2280K, capacity 2426K, committed 2432K, reserved 1048576K
Event: 4,559 GC heap after
Heap after GC invocations=38 (full 1):
 def new generation   total 5760K, used 639K [0x00000000f0800000, 0x00000000f0e40000, 0x00000000f5aa0000)
  eden space 5120K,   0% used [0x00000000f0800000, 0x00000000f0800000, 0x00000000f0d00000)
  from space 640K,  99% used [0x00000000f0d00000, 0x00000000f0d9fff0, 0x00000000f0da0000)
  to   space 640K,   0% used [0x00000000f0da0000, 0x00000000f0da0000, 0x00000000f0e40000)
 tenured generation   total 12788K, used 8538K [0x00000000f5aa0000, 0x00000000f671d000, 0x0000000100000000)
   the space 12788K,  66% used [0x00000000f5aa0000, 0x00000000f62f6a70, 0x00000000f62f6c00, 0x00000000f671d000)
 Metaspace       used 18976K, capacity 19424K, committed 19584K, reserved 1067008K
  class space    used 2280K, capacity 2426K, committed 2432K, reserved 1048576K
}
Event: 6,587 GC heap before
{Heap before GC invocations=38 (full 1):
 def new generation   total 5760K, used 5759K [0x00000000f0800000, 0x00000000f0e40000, 0x00000000f5aa0000)
  eden space 5120K, 100% used [0x00000000f0800000, 0x00000000f0d00000, 0x00000000f0d00000)
  from space 640K,  99% used [0x00000000f0d00000, 0x00000000f0d9fff0, 0x00000000f0da0000)
  to   space 640K,   0% used [0x00000000f0da0000, 0x00000000f0da0000, 0x00000000f0e40000)
 tenured generation   total 12788K, used 8538K [0x00000000f5aa0000, 0x00000000f671d000, 0x0000000100000000)
   the space 12788K,  66% used [0x00000000f5aa0000, 0x00000000f62f6a70, 0x00000000f62f6c00, 0x00000000f671d000)
 Metaspace       used 20463K, capacity 20896K, committed 21120K, reserved 1067008K
  class space    used 2499K, capacity 2618K, committed 2688K, reserved 1048576K
Event: 6,599 GC heap after
Heap after GC invocations=39 (full 1):
 def new generation   total 5760K, used 285K [0x00000000f0800000, 0x00000000f0e40000, 0x00000000f5aa0000)
  eden space 5120K,   0% used [0x00000000f0800000, 0x00000000f0800000, 0x00000000f0d00000)
  from space 640K,  44% used [0x00000000f0da0000, 0x00000000f0de7550, 0x00000000f0e40000)
  to   space 640K,   0% used [0x00000000f0d00000, 0x00000000f0d00000, 0x00000000f0da0000)
 tenured generation   total 12788K, used 9084K [0x00000000f5aa0000, 0x00000000f671d000, 0x0000000100000000)
   the space 12788K,  71% used [0x00000000f5aa0000, 0x00000000f637f260, 0x00000000f637f400, 0x00000000f671d000)
 Metaspace       used 20463K, capacity 20896K, committed 21120K, reserved 1067008K
  class space    used 2499K, capacity 2618K, committed 2688K, reserved 1048576K
}
Event: 7,852 GC heap before
{Heap before GC invocations=39 (full 1):
 def new generation   total 5760K, used 4537K [0x00000000f0800000, 0x00000000f0e40000, 0x00000000f5aa0000)
  eden space 5120K,  83% used [0x00000000f0800000, 0x00000000f0c271f8, 0x00000000f0d00000)
  from space 640K,  44% used [0x00000000f0da0000, 0x00000000f0de7550, 0x00000000f0e40000)
  to   space 640K,   0% used [0x00000000f0d00000, 0x00000000f0d00000, 0x00000000f0da0000)
 tenured generation   total 12788K, used 9084K [0x00000000f5aa0000, 0x00000000f671d000, 0x0000000100000000)
   the space 12788K,  71% used [0x00000000f5aa0000, 0x00000000f637f260, 0x00000000f637f400, 0x00000000f671d000)
 Metaspace       used 21702K, capacity 22208K, committed 22528K, reserved 1069056K
  class space    used 2635K, capacity 2778K, committed 2816K, reserved 1048576K
Event: 7,860 GC heap after
Heap after GC invocations=40 (full 1):
 def new generation   total 5760K, used 640K [0x00000000f0800000, 0x00000000f0e40000, 0x00000000f5aa0000)
  eden space 5120K,   0% used [0x00000000f0800000, 0x00000000f0800000, 0x00000000f0d00000)
  from space 640K, 100% used [0x00000000f0d00000, 0x00000000f0da0000, 0x00000000f0da0000)
  to   space 640K,   0% used [0x00000000f0da0000, 0x00000000f0da0000, 0x00000000f0e40000)
 tenured generation   total 12788K, used 9526K [0x00000000f5aa0000, 0x00000000f671d000, 0x0000000100000000)
   the space 12788K,  74% used [0x00000000f5aa0000, 0x00000000f63ed9d0, 0x00000000f63eda00, 0x00000000f671d000)
 Metaspace       used 21702K, capacity 22208K, committed 22528K, reserved 1069056K
  class space    used 2635K, capacity 2778K, committed 2816K, reserved 1048576K
}
Event: 8,837 GC heap before
{Heap before GC invocations=40 (full 1):
 def new generation   total 5760K, used 5567K [0x00000000f0800000, 0x00000000f0e40000, 0x00000000f5aa0000)
  eden space 5120K,  96% used [0x00000000f0800000, 0x00000000f0ccff90, 0x00000000f0d00000)
  from space 640K, 100% used [0x00000000f0d00000, 0x00000000f0da0000, 0x00000000f0da0000)
  to   space 640K,   0% used [0x00000000f0da0000, 0x00000000f0da0000, 0x00000000f0e40000)
 tenured generation   total 12788K, used 9526K [0x00000000f5aa0000, 0x00000000f671d000, 0x0000000100000000)
   the space 12788K,  74% used [0x00000000f5aa0000, 0x00000000f63ed9d0, 0x00000000f63eda00, 0x00000000f671d000)
 Metaspace       used 21719K, capacity 22208K, committed 22528K, reserved 1069056K
  class space    used 2636K, capacity 2778K, committed 2816K, reserved 1048576K
Event: 8,870 GC heap after
Heap after GC invocations=41 (full 1):
 def new generation   total 5760K, used 640K [0x00000000f0800000, 0x00000000f0e40000, 0x00000000f5aa0000)
  eden space 5120K,   0% used [0x00000000f0800000, 0x00000000f0800000, 0x00000000f0d00000)
  from space 640K, 100% used [0x00000000f0da0000, 0x00000000f0e40000, 0x00000000f0e40000)
  to   space 640K,   0% used [0x00000000f0d00000, 0x00000000f0d00000, 0x00000000f0da0000)
 tenured generation   total 12788K, used 12111K [0x00000000f5aa0000, 0x00000000f671d000, 0x0000000100000000)
   the space 12788K,  94% used [0x00000000f5aa0000, 0x00000000f6673c50, 0x00000000f6673e00, 0x00000000f671d000)
 Metaspace       used 21719K, capacity 22208K, committed 22528K, reserved 1069056K
  class space    used 2636K, capacity 2778K, committed 2816K, reserved 1048576K
}

