# JRE version: Java(TM) SE Runtime Environment (8.0_161-b12) (build 1.8.0_161-b12)
# Java VM: Java HotSpot(TM) 64-Bit Server VM (25.161-b12 mixed mode linux-amd64 compressed oops)
Heap:
 def new generation   total 6464K, used 5549K [0x00000000f0800000, 0x00000000f0f00000, 0x00000000f5aa0000)
  eden space 5760K,  84% used [0x00000000f0800000, 0x00000000f0cbb5c8, 0x00000000f0da0000)
  from space 704K,  99% used [0x00000000f0da0000, 0x00000000f0e4fff8, 0x00000000f0e50000)
  to   space 704K,   0% used [0x00000000f0e50000, 0x00000000f0e50000, 0x00000000f0f00000)
 tenured generation   total 14268K, used 9162K [0x00000000f5aa0000, 0x00000000f688f000, 0x0000000100000000)
   the space 14268K,  64% used [0x00000000f5aa0000, 0x00000000f6392bf8, 0x00000000f6392c00, 0x00000000f688f000)
 Metaspace       used 21769K, capacity 22272K, committed 22528K, reserved 1069056K
  class space    used 2637K, capacity 2778K, committed 2816K, reserved 1048576K
GC Heap History (10 events):
Event: 3,040 GC heap before
{Heap before GC invocations=35 (full 0):
 def new generation   total 4928K, used 4733K [0x00000000f0800000, 0x00000000f0d50000, 0x00000000f5aa0000)
  eden space 4416K, 100% used [0x00000000f0800000, 0x00000000f0c50000, 0x00000000f0c50000)
  from space 512K,  62% used [0x00000000f0cd0000, 0x00000000f0d1f638, 0x00000000f0d50000)
  to   space 512K,   0% used [0x00000000f0c50000, 0x00000000f0c50000, 0x00000000f0cd0000)
 tenured generation   total 10944K, used 10384K [0x00000000f5aa0000, 0x00000000f6550000, 0x0000000100000000)
   the space 10944K,  94% used [0x00000000f5aa0000, 0x00000000f64c4360, 0x00000000f64c4400, 0x00000000f6550000)
 Metaspace       used 17425K, capacity 17770K, committed 18048K, reserved 1064960K
  class space    used 2070K, capacity 2152K, committed 2176K, reserved 1048576K
Event: 3,041 GC heap after
Heap after GC invocations=36 (full 0):
 def new generation   total 4928K, used 410K [0x00000000f0800000, 0x00000000f0d50000, 0x00000000f5aa0000)
  eden space 4416K,   0% used [0x00000000f0800000, 0x00000000f0800000, 0x00000000f0c50000)
  from space 512K,  80% used [0x00000000f0c50000, 0x00000000f0cb68a0, 0x00000000f0cd0000)
  to   space 512K,   0% used [0x00000000f0cd0000, 0x00000000f0cd0000, 0x00000000f0d50000)
 tenured generation   total 10944K, used 10508K [0x00000000f5aa0000, 0x00000000f6550000, 0x0000000100000000)
   the space 10944K,  96% used [0x00000000f5aa0000, 0x00000000f64e30e0, 0x00000000f64e3200, 0x00000000f6550000)
 Metaspace       used 17425K, capacity 17770K, committed 18048K, reserved 1064960K
  class space    used 2070K, capacity 2152K, committed 2176K, reserved 1048576K
}
Event: 3,143 GC heap before
{Heap before GC invocations=36 (full 0):
 def new generation   total 4928K, used 4826K [0x00000000f0800000, 0x00000000f0d50000, 0x00000000f5aa0000)
  eden space 4416K, 100% used [0x00000000f0800000, 0x00000000f0c50000, 0x00000000f0c50000)
  from space 512K,  80% used [0x00000000f0c50000, 0x00000000f0cb68a0, 0x00000000f0cd0000)
  to   space 512K,   0% used [0x00000000f0cd0000, 0x00000000f0cd0000, 0x00000000f0d50000)
 tenured generation   total 10944K, used 10508K [0x00000000f5aa0000, 0x00000000f6550000, 0x0000000100000000)
   the space 10944K,  96% used [0x00000000f5aa0000, 0x00000000f64e30e0, 0x00000000f64e3200, 0x00000000f6550000)
 Metaspace       used 17547K, capacity 17946K, committed 18176K, reserved 1064960K
  class space    used 2081K, capacity 2192K, committed 2304K, reserved 1048576K
Event: 3,145 GC heap after
Heap after GC invocations=37 (full 0):
 def new generation   total 4928K, used 512K [0x00000000f0800000, 0x00000000f0d50000, 0x00000000f5aa0000)
  eden space 4416K,   0% used [0x00000000f0800000, 0x00000000f0800000, 0x00000000f0c50000)
  from space 512K, 100% used [0x00000000f0cd0000, 0x00000000f0d50000, 0x00000000f0d50000)
  to   space 512K,   0% used [0x00000000f0c50000, 0x00000000f0c50000, 0x00000000f0cd0000)
 tenured generation   total 10944K, used 10737K [0x00000000f5aa0000, 0x00000000f6550000, 0x0000000100000000)
   the space 10944K,  98% used [0x00000000f5aa0000, 0x00000000f651c748, 0x00000000f651c800, 0x00000000f6550000)
 Metaspace       used 17547K, capacity 17946K, committed 18176K, reserved 1064960K
  class space    used 2081K, capacity 2192K, committed 2304K, reserved 1048576K
}
Event: 3,622 GC heap before
{Heap before GC invocations=37 (full 0):
 def new generation   total 4928K, used 4899K [0x00000000f0800000, 0x00000000f0d50000, 0x00000000f5aa0000)
  eden space 4416K,  99% used [0x00000000f0800000, 0x00000000f0c48fe8, 0x00000000f0c50000)
  from space 512K, 100% used [0x00000000f0cd0000, 0x00000000f0d50000, 0x00000000f0d50000)
  to   space 512K,   0% used [0x00000000f0c50000, 0x00000000f0c50000, 0x00000000f0cd0000)
 tenured generation   total 10944K, used 10737K [0x00000000f5aa0000, 0x00000000f6550000, 0x0000000100000000)
   the space 10944K,  98% used [0x00000000f5aa0000, 0x00000000f651c748, 0x00000000f651c800, 0x00000000f6550000)
 Metaspace       used 18264K, capacity 18656K, committed 18944K, reserved 1067008K
  class space    used 2174K, capacity 2298K, committed 2304K, reserved 1048576K
Event: 4,342 GC heap after
Heap after GC invocations=38 (full 1):
 def new generation   total 6464K, used 0K [0x00000000f0800000, 0x00000000f0f00000, 0x00000000f5aa0000)
  eden space 5760K,   0% used [0x00000000f0800000, 0x00000000f0800000, 0x00000000f0da0000)
  from space 704K,   0% used [0x00000000f0da0000, 0x00000000f0da0000, 0x00000000f0e50000)
  to   space 704K,   0% used [0x00000000f0e50000, 0x00000000f0e50000, 0x00000000f0f00000)
 tenured generation   total 14268K, used 8559K [0x00000000f5aa0000, 0x00000000f688f000, 0x0000000100000000)
   the space 14268K,  59% used [0x00000000f5aa0000, 0x00000000f62fbf50, 0x00000000f62fc000, 0x00000000f688f000)
 Metaspace       used 18264K, capacity 18656K, committed 18944K, reserved 1067008K
  class space    used 2174K, capacity 2298K, committed 2304K, reserved 1048576K
}
Event: 4,741 GC heap before
{Heap before GC invocations=38 (full 1):
 def new generation   total 6464K, used 5760K [0x00000000f0800000, 0x00000000f0f00000, 0x00000000f5aa0000)
  eden space 5760K, 100% used [0x00000000f0800000, 0x00000000f0da0000, 0x00000000f0da0000)
  from space 704K,   0% used [0x00000000f0da0000, 0x00000000f0da0000, 0x00000000f0e50000)
  to   space 704K,   0% used [0x00000000f0e50000, 0x00000000f0e50000, 0x00000000f0f00000)
 tenured generation   total 14268K, used 8559K [0x00000000f5aa0000, 0x00000000f688f000, 0x0000000100000000)
   the space 14268K,  59% used [0x00000000f5aa0000, 0x00000000f62fbf50, 0x00000000f62fc000, 0x00000000f688f000)
 Metaspace       used 19978K, capacity 20448K, committed 20736K, reserved 1067008K
  class space    used 2418K, capacity 2554K, committed 2560K, reserved 1048576K
Event: 4,746 GC heap after
Heap after GC invocations=39 (full 1):
 def new generation   total 6464K, used 604K [0x00000000f0800000, 0x00000000f0f00000, 0x00000000f5aa0000)
  eden space 5760K,   0% used [0x00000000f0800000, 0x00000000f0800000, 0x00000000f0da0000)
  from space 704K,  85% used [0x00000000f0e50000, 0x00000000f0ee7170, 0x00000000f0f00000)
  to   space 704K,   0% used [0x00000000f0da0000, 0x00000000f0da0000, 0x00000000f0e50000)
 tenured generation   total 14268K, used 8559K [0x00000000f5aa0000, 0x00000000f688f000, 0x0000000100000000)
   the space 14268K,  59% used [0x00000000f5aa0000, 0x00000000f62fbf50, 0x00000000f62fc000, 0x00000000f688f000)
 Metaspace       used 19978K, capacity 20448K, committed 20736K, reserved 1067008K
  class space    used 2418K, capacity 2554K, committed 2560K, reserved 1048576K
}
Event: 5,396 GC heap before
{Heap before GC invocations=39 (full 1):
 def new generation   total 6464K, used 6364K [0x00000000f0800000, 0x00000000f0f00000, 0x00000000f5aa0000)
  eden space 5760K, 100% used [0x00000000f0800000, 0x00000000f0da0000, 0x00000000f0da0000)
  from space 704K,  85% used [0x00000000f0e50000, 0x00000000f0ee7170, 0x00000000f0f00000)
  to   space 704K,   0% used [0x00000000f0da0000, 0x00000000f0da0000, 0x00000000f0e50000)
 tenured generation   total 14268K, used 8559K [0x00000000f5aa0000, 0x00000000f688f000, 0x0000000100000000)
   the space 14268K,  59% used [0x00000000f5aa0000, 0x00000000f62fbf50, 0x00000000f62fc000, 0x00000000f688f000)
 Metaspace       used 21729K, capacity 22112K, committed 22272K, reserved 1069056K
  class space    used 2634K, capacity 2746K, committed 2816K, reserved 1048576K
Event: 5,404 GC heap after
Heap after GC invocations=40 (full 1):
 def new generation   total 6464K, used 703K [0x00000000f0800000, 0x00000000f0f00000, 0x00000000f5aa0000)
  eden space 5760K,   0% used [0x00000000f0800000, 0x00000000f0800000, 0x00000000f0da0000)
  from space 704K,  99% used [0x00000000f0da0000, 0x00000000f0e4fff8, 0x00000000f0e50000)
  to   space 704K,   0% used [0x00000000f0e50000, 0x00000000f0e50000, 0x00000000f0f00000)
 tenured generation   total 14268K, used 9162K [0x00000000f5aa0000, 0x00000000f688f000, 0x0000000100000000)
   the space 14268K,  64% used [0x00000000f5aa0000, 0x00000000f6392bf8, 0x00000000f6392c00, 0x00000000f688f000)
 Metaspace       used 21729K, capacity 22112K, committed 22272K, reserved 1069056K
  class space    used 2634K, capacity 2746K, committed 2816K, reserved 1048576K
}

